<?xml version="1.0" encoding="utf-8"?><testsuites name="pytest tests"><testsuite name="pytest" errors="0" failures="0" skipped="0" tests="14" time="2.770" timestamp="2026-05-22T01:40:34.383040+00:00" hostname="agent-env-89497e17-61ca-4367-9095-58b4675ce965"><testcase classname="backend.tests.test_blaze_api.TestRoot" name="test_root_returns_200_with_message" time="0.444" /><testcase classname="backend.tests.test_blaze_api.TestBulkRounds" name="test_bulk_insert_with_inferred_colors" time="0.153" /><testcase classname="backend.tests.test_blaze_api.TestBulkRounds" name="test_bulk_dedupe_same_batch_twice" time="0.154" /><testcase classname="backend.tests.test_blaze_api.TestBulkRounds" name="test_bulk_accepts_manual_source" time="0.106" /><testcase classname="backend.tests.test_blaze_api.TestBulkRounds" name="test_bulk_rejects_invalid_source" time="0.052" /><testcase classname="backend.tests.test_blaze_api.TestBulkRounds" name="test_bulk_rejects_number_out_of_range" time="0.100" /><testcase classname="backend.tests.test_blaze_api.TestSingleRound" name="test_single_round_insert_with_source" time="0.050" /><testcase classname="backend.tests.test_blaze_api.TestSingleRound" name="test_single_round_missing_source_returns_400" time="0.046" /><testcase classname="backend.tests.test_blaze_api.TestListAndDelete" name="test_list_sorted_desc_and_filtered_by_source" time="0.156" /><testcase classname="backend.tests.test_blaze_api.TestListAndDelete" name="test_delete_only_specified_source" time="0.455" /><testcase classname="backend.tests.test_blaze_api.TestListAndDelete" name="test_delete_all_when_no_source" time="0.159" /><testcase classname="backend.tests.test_blaze_api.TestStats" name="test_stats_after_known_seed" time="0.406" /><testcase classname="backend.tests.test_blaze_api.TestPrediction" name="test_prediction_400_when_less_than_5" time="0.149" /><testcase classname="backend.tests.test_blaze_api.TestPrediction" name="test_prediction_valid_response_with_5_plus" time="0.300" /></testsuite></testsuites>