<?xml version="1.0" encoding="utf-8"?><testsuites name="pytest tests"><testsuite name="pytest" errors="0" failures="0" skipped="0" tests="24" time="4.730" timestamp="2026-05-23T23:21:56.936631+00:00" hostname="agent-env-d2c80d66-4ca3-449e-b918-006c2af83b76"><testcase classname="backend.tests.test_blaze_api.TestRoot" name="test_root_returns_200_with_message" time="0.407" /><testcase classname="backend.tests.test_blaze_api.TestBulkRounds" name="test_bulk_insert_with_inferred_colors" time="0.141" /><testcase classname="backend.tests.test_blaze_api.TestBulkRounds" name="test_bulk_dedupe_same_batch_twice" time="0.195" /><testcase classname="backend.tests.test_blaze_api.TestBulkRounds" name="test_bulk_accepts_manual_source" time="0.094" /><testcase classname="backend.tests.test_blaze_api.TestBulkRounds" name="test_bulk_rejects_invalid_source" time="0.046" /><testcase classname="backend.tests.test_blaze_api.TestBulkRounds" name="test_bulk_rejects_number_out_of_range" time="0.089" /><testcase classname="backend.tests.test_blaze_api.TestSingleRound" name="test_single_round_insert_with_source" time="0.046" /><testcase classname="backend.tests.test_blaze_api.TestSingleRound" name="test_single_round_missing_source_returns_400" time="0.044" /><testcase classname="backend.tests.test_blaze_api.TestListAndDelete" name="test_list_sorted_desc_and_filtered_by_source" time="0.144" /><testcase classname="backend.tests.test_blaze_api.TestListAndDelete" name="test_delete_only_specified_source" time="0.237" /><testcase classname="backend.tests.test_blaze_api.TestListAndDelete" name="test_delete_all_when_no_source" time="0.144" /><testcase classname="backend.tests.test_blaze_api.TestStats" name="test_stats_after_known_seed" time="0.388" /><testcase classname="backend.tests.test_blaze_api.TestPrediction" name="test_prediction_400_when_less_than_5" time="0.141" /><testcase classname="backend.tests.test_blaze_api.TestPrediction" name="test_prediction_valid_response_with_5_plus" time="0.141" /><testcase classname="backend.tests.test_blaze_source.TestBlazeBulkColorInference" name="test_bulk_blaze_infers_colors_correctly" time="0.144" /><testcase classname="backend.tests.test_blaze_source.TestBlazeDedupeWithSeconds" name="test_seconds_dedupe_strict" time="0.136" /><testcase classname="backend.tests.test_blaze_source.TestBlazeDedupeMaxPerMinute" name="test_max_two_same_time_str_when_seconds_missing" time="0.138" /><testcase classname="backend.tests.test_blaze_source.TestBlazeListRounds" name="test_list_blaze_newest_first" time="0.223" /><testcase classname="backend.tests.test_blaze_source.TestBlazeScopedDelete" name="test_delete_blaze_does_not_touch_other_sources" time="0.377" /><testcase classname="backend.tests.test_blaze_source.TestBlazeStats" name="test_stats_shape_for_blaze" time="0.369" /><testcase classname="backend.tests.test_blaze_source.TestPollStatus" name="test_poll_status_shape" time="0.045" /><testcase classname="backend.tests.test_blaze_source.TestBlazePrediction" name="test_prediction_with_blaze_history" time="0.156" /><testcase classname="backend.tests.test_blaze_source.TestActivePredictionLifecycle" name="test_create_get_cancel_active_prediction" time="0.393" /><testcase classname="backend.tests.test_blaze_source.TestActivePredictionLifecycle" name="test_create_active_prediction_400_without_enough_history" time="0.414" /></testsuite></testsuites>